03/03/2023 14:48:16 DEBUG TestListener Class Name is: ActivateCases
03/03/2023 14:48:16 DEBUG TestListener Found Run as No
03/03/2023 14:48:16 DEBUG TestListener Skipped Test Case: Retail_PickUp_Activate_Button
03/03/2023 14:48:16 DEBUG TestListener Class Name is: ActivateCases
03/03/2023 14:48:16 DEBUG TestListener Found Run as No
03/03/2023 14:48:16 DEBUG TestListener Skipped Test Case: New_ESI_API_Call_To_Retrieve_Email_And_Their_Status_For_Auto_Migration_Order
03/03/2023 14:48:16 DEBUG TestListener Class Name is: ActivateCases
03/03/2023 14:48:16 DEBUG TestListener Found Run as No
03/03/2023 14:48:16 DEBUG TestListener Skipped Test Case: Agent_Enters_RentalSN_Purchased_Device
03/03/2023 14:48:16 DEBUG TestListener Class Name is: ActivateCases
03/03/2023 14:48:16 DEBUG TestListener Found Run as No
03/03/2023 14:48:16 DEBUG TestListener Skipped Test Case: Activate_TV_With_DCT_700_HD_Guide
03/03/2023 14:48:16 DEBUG TestListener Class Name is: ActivateCases
03/03/2023 14:48:16 DEBUG TestListener Found Run as No
03/03/2023 14:48:16 DEBUG TestListener Skipped Test Case: Future_TriplePlay_DPT_Hitron_Moxi_AddPromos_Coupon
03/03/2023 14:48:16 DEBUG TestListener Class Name is: ActivateCases
03/03/2023 14:48:16 DEBUG TestListener Found Run as No
03/03/2023 14:48:16 DEBUG TestListener Skipped Test Case: Future_Install_Order_Fiber_Modem
03/03/2023 14:48:16 DEBUG TestListener Class Name is: ActivateCases
03/03/2023 14:48:16 DEBUG TestListener Found Run as No
03/03/2023 14:48:16 DEBUG TestListener Skipped Test Case: Activate_DoublePlay_Converged_PhInt
03/03/2023 14:48:16 DEBUG TestListener Class Name is: ActivateCases
03/03/2023 14:48:16 DEBUG TestListener Found Run as No
03/03/2023 14:48:16 DEBUG TestListener Skipped Test Case: New_IntegrationCall_NC_ERP_OrderPlaced_Multiple_TVDevices
03/03/2023 14:48:16 DEBUG TestListener Class Name is: ActivateCases
03/03/2023 14:48:16 DEBUG TestListener Found Run as No
03/03/2023 14:48:16 DEBUG TestListener Skipped Test Case: Activate_TV_With_Moxi_Gateway
03/03/2023 14:48:16 DEBUG TestListener Class Name is: ActivateCases
03/03/2023 14:48:16 DEBUG TestListener Found Run as No
03/03/2023 14:48:16 DEBUG TestListener Skipped Test Case: VerifySMSNbr_AppoinmentTab_DefaultFee_NewAccount_Creation
03/03/2023 14:48:16 DEBUG TestListener Class Name is: ActivateCases
03/03/2023 14:48:16 DEBUG TestListener Found Run as No
03/03/2023 14:48:16 DEBUG TestListener Skipped Test Case: Tax_exemption_for_TriplePlay_customer
03/03/2023 14:48:16 DEBUG TestListener Class Name is: ActivateCases
03/03/2023 14:48:16 DEBUG TestListener Found Run as No
03/03/2023 14:48:16 DEBUG TestListener Skipped Test Case: Call_New_ESI_Service_During_Automated_Account_Migration
03/03/2023 14:48:16 DEBUG TestListener Class Name is: ActivateCases
03/03/2023 14:48:16 DEBUG TestListener Found Run as No
03/03/2023 14:48:16 DEBUG TestListener Skipped Test Case: Validate_Discount_ForNewResidental_Account_with_Internet_TV
03/03/2023 14:48:16 DEBUG TestListener Class Name is: ActivateCases
03/03/2023 14:48:16 DEBUG TestListener Found Run as No
03/03/2023 14:48:16 DEBUG TestListener Skipped Test Case: Activate_TV_With_BlueSky_Xid_portals
03/03/2023 14:48:16 DEBUG TestListener Class Name is: ActivateCases
03/03/2023 14:48:16 DEBUG TestListener Found Run as No
03/03/2023 14:48:16 DEBUG TestListener Skipped Test Case: Activation_Fiber_Modem
03/03/2023 14:48:16 DEBUG TestListener Class Name is: ActivateCases
03/03/2023 14:48:17 DEBUG TestListener Found Run as No
03/03/2023 14:48:17 DEBUG TestListener Skipped Test Case: New_Account_Activation_PortedTN_LifelineAlarm_No
03/03/2023 14:48:17 DEBUG TestListener Class Name is: ActivateCases
03/03/2023 14:48:17 DEBUG TestListener Found Run as No
03/03/2023 14:48:17 DEBUG TestListener Skipped Test Case: Activate_InternetConverged_TV_Bluesky
03/03/2023 14:48:17 DEBUG TestListener Class Name is: ActivateCases
03/03/2023 14:48:17 DEBUG TestListener Found Run as No
03/03/2023 14:48:17 DEBUG TestListener Skipped Test Case: Activate_Phone_Internet_WithXB6_TV_BlueSkyBox_Portal
03/03/2023 14:48:17 DEBUG TestListener Class Name is: ActivateCases
03/03/2023 14:48:17 DEBUG TestListener Found Run as No
03/03/2023 14:48:17 DEBUG TestListener Skipped Test Case: Activate_Internet_with_XB6_converged
03/03/2023 14:48:17 DEBUG TestListener Class Name is: ActivateCases
03/03/2023 14:48:17 DEBUG TestListener Found Run as No
03/03/2023 14:48:17 DEBUG TestListener Skipped Test Case: Activate_Phone_DPT_Internet_Converged
03/03/2023 14:48:17 DEBUG TestListener Class Name is: ActivateCases
03/03/2023 14:48:17 DEBUG TestListener Found Run as No
03/03/2023 14:48:17 DEBUG TestListener Skipped Test Case: Submit_BtnDisplay_While_Adding_AnotherLOB_RetailPickup_Order
03/03/2023 14:48:17 DEBUG TestListener Class Name is: ActivateCases
03/03/2023 14:48:17 DEBUG TestListener Found Run as No
03/03/2023 14:48:17 DEBUG TestListener Skipped Test Case: OE_Assign_DRs_Primary_And_Secondary_Line_To_Respective_Phone_Lines_When_TN_Inventory_API_Returns_Success_Response
03/03/2023 14:48:17 DEBUG TestListener Class Name is: ActivateCases
03/03/2023 14:48:17 DEBUG TestListener Found Run as No
03/03/2023 14:48:17 DEBUG TestListener Skipped Test Case: Activate_SinglePlay_Internet
03/03/2023 14:48:17 DEBUG TestListener Class Name is: ActivateCases
03/03/2023 14:48:17 DEBUG TestListener Found Run as No
03/03/2023 14:48:17 DEBUG TestListener Skipped Test Case: Retail_pickup_XB6_BlueSky_devices
03/03/2023 14:48:17 DEBUG TestListener Class Name is: DisconnectCases
03/03/2023 14:48:17 DEBUG TestListener Found Run as No
03/03/2023 14:48:17 DEBUG TestListener Skipped Test Case: Tripleplay_DPT_Cisco_legacyTV_perform_Full_Disconnect
03/03/2023 14:48:17 DEBUG TestListener Class Name is: DisconnectCases
03/03/2023 14:48:17 DEBUG TestListener Found Run as No
03/03/2023 14:48:17 DEBUG TestListener Skipped Test Case: TriplePlay_XB6Converged_Bluesky_Disconnect_TVLOB
03/03/2023 14:48:17 DEBUG TestListener Class Name is: DisconnectCases
03/03/2023 14:48:17 DEBUG TestListener Found Run as No
03/03/2023 14:48:17 DEBUG TestListener Skipped Test Case: No_Notification_To_ESB_Disconnect_Affordable_Offering
03/03/2023 14:48:17 DEBUG TestListener Class Name is: DisconnectCases
03/03/2023 14:48:17 DEBUG TestListener Found Run as No
03/03/2023 14:48:17 DEBUG TestListener Skipped Test Case: Tripleplay_DPT_Phone_perform_Full_Disconnect
03/03/2023 14:48:17 DEBUG TestListener Class Name is: DisconnectCases
03/03/2023 14:48:17 DEBUG TestListener Found Run as No
03/03/2023 14:48:17 DEBUG TestListener Skipped Test Case: Validate_New_MC_New_Customer_Hardware_Return
03/03/2023 14:48:17 DEBUG TestListener Class Name is: DisconnectCases
03/03/2023 14:48:17 DEBUG TestListener Found Run as No
03/03/2023 14:48:17 DEBUG TestListener Skipped Test Case: Disconnect_PhoneLOB_Number_Verification
03/03/2023 14:48:17 DEBUG TestListener Class Name is: DisconnectCases
03/03/2023 14:48:17 DEBUG TestListener Found Run as No
03/03/2023 14:48:17 DEBUG TestListener Skipped Test Case: Disconnect_XPOD_Rental_Package_Exisitng_Customer
03/03/2023 14:48:17 DEBUG TestListener Class Name is: HardwareSwapCases
03/03/2023 14:48:17 DEBUG TestListener Found Run as No
03/03/2023 14:48:17 DEBUG TestListener Skipped Test Case: Swap_XB6_Account_xPOD_Package
03/03/2023 14:48:17 DEBUG TestListener Class Name is: HardwareSwapCases
03/03/2023 14:48:17 DEBUG TestListener Found Run as No
03/03/2023 14:48:17 DEBUG TestListener Skipped Test Case: Tripleplay_DPT_Cisco_legacyTV_Swap_Through_Order_Entry
03/03/2023 14:48:17 DEBUG TestListener Class Name is: HardwareSwapCases
03/03/2023 14:48:17 DEBUG TestListener Found Run as No
03/03/2023 14:48:17 DEBUG TestListener Skipped Test Case: Triple_Play_Hardware_Swap
03/03/2023 14:48:17 DEBUG TestListener Class Name is: HardwareSwapCases
03/03/2023 14:48:17 DEBUG TestListener Found Run as No
03/03/2023 14:48:17 DEBUG TestListener Skipped Test Case: HardwareSwap_From_Immediate_ScenariosTab_BRM_SOA
03/03/2023 14:48:17 DEBUG TestListener Class Name is: ImmediateCases
03/03/2023 14:48:17 DEBUG TestListener Found Run as No
03/03/2023 14:48:17 DEBUG TestListener Skipped Test Case: Immediate_Scenarios_Add_Email
03/03/2023 14:48:17 DEBUG TestListener Class Name is: ImmediateCases
03/03/2023 14:48:17 DEBUG TestListener Found Run as No
03/03/2023 14:48:17 DEBUG TestListener Skipped Test Case: Immediate_Tab_Add_Phone_Features_Exisiting_Cust_Converged
03/03/2023 14:48:17 DEBUG TestListener Class Name is: ImmediateCases
03/03/2023 14:48:17 DEBUG TestListener Found Run as No
03/03/2023 14:48:17 DEBUG TestListener Skipped Test Case: Immediate_HW_Reset_Order_DPT_Hitron
03/03/2023 14:48:17 DEBUG TestListener Class Name is: ImmediateCases
03/03/2023 14:48:17 DEBUG TestListener Found Run as No
03/03/2023 14:48:17 DEBUG TestListener Skipped Test Case: Immediate_Scenarios_Hardware_Swap
03/03/2023 14:48:17 DEBUG TestListener Class Name is: InflightCases
03/03/2023 14:48:17 DEBUG TestListener Found Run as No
03/03/2023 14:48:17 DEBUG TestListener Skipped Test Case: AutoCancel_AfterXDays_NewOrder_RetailPickup_Yes
03/03/2023 14:48:17 DEBUG TestListener Class Name is: InflightCases
03/03/2023 14:48:17 DEBUG TestListener Found Run as No
03/03/2023 14:48:17 DEBUG TestListener Skipped Test Case: Inflight_Removing_BlueSKYTV_XB6_PremiseMove_CGY_CGY_WithGap
03/03/2023 14:48:17 DEBUG TestListener Class Name is: InflightCases
03/03/2023 14:48:17 DEBUG TestListener Found Run as No
03/03/2023 14:48:17 DEBUG TestListener Skipped Test Case: Inflight_Cancel
03/03/2023 14:48:17 DEBUG TestListener Class Name is: InflightCases
03/03/2023 14:48:17 DEBUG TestListener Found Run as No
03/03/2023 14:48:17 DEBUG TestListener Skipped Test Case: Inflight_Cancel_existing_account_with_pending_order
03/03/2023 14:48:17 DEBUG TestListener Class Name is: InflightCases
03/03/2023 14:48:17 DEBUG TestListener Found Run as No
03/03/2023 14:48:17 DEBUG TestListener Skipped Test Case: InFlight_Remove_Internet
03/03/2023 14:48:17 DEBUG TestListener Class Name is: InflightCases
03/03/2023 14:48:17 DEBUG TestListener Found Run as No
03/03/2023 14:48:17 DEBUG TestListener Skipped Test Case: Inflight_Cancel_Activation_PremiseMove_Order
03/03/2023 14:48:17 DEBUG TestListener Class Name is: InflightCases
03/03/2023 14:48:17 DEBUG TestListener Found Run as No
03/03/2023 14:48:17 DEBUG TestListener Skipped Test Case: Inflight_Modify_New_Install_Order
03/03/2023 14:48:17 DEBUG TestListener Class Name is: InflightCases
03/03/2023 14:48:17 DEBUG TestListener Found Run as No
03/03/2023 14:48:17 DEBUG TestListener Skipped Test Case: Inflight_Modify_Changing_InstallType_Retail_Pickup
03/03/2023 14:48:17 DEBUG TestListener Class Name is: InflightCases
03/03/2023 14:48:17 DEBUG TestListener Found Run as No
03/03/2023 14:48:17 DEBUG TestListener Skipped Test Case: Generate_Store_Task_Should_Not_Fail_InFlight
03/03/2023 14:48:17 DEBUG TestListener Class Name is: InflightCases
03/03/2023 14:48:17 DEBUG TestListener Found Run as No
03/03/2023 14:48:17 DEBUG TestListener Skipped Test Case: Inflight_Modify_Existing_Active_Order
03/03/2023 14:48:17 DEBUG TestListener Class Name is: InflightCases
03/03/2023 14:48:17 DEBUG TestListener Found Run as No
03/03/2023 14:48:17 DEBUG TestListener Skipped Test Case: DoNotAutoCancel_Inflight_Modify_DirectFulfilment_HWRecall_ForIntLOB
03/03/2023 14:48:17 DEBUG TestListener Class Name is: InflightCases
03/03/2023 14:48:17 DEBUG TestListener Found Run as No
03/03/2023 14:48:17 DEBUG TestListener Skipped Test Case: Inflight_Modify_Wifi_Fail
03/03/2023 14:48:17 DEBUG TestListener Class Name is: InflightCases
03/03/2023 14:48:18 DEBUG TestListener Found Run as No
03/03/2023 14:48:18 DEBUG TestListener Skipped Test Case: Inflight_Modify_Pending_Install_Account
03/03/2023 14:48:18 DEBUG TestListener Class Name is: InflightCases
03/03/2023 14:48:18 DEBUG TestListener Found Run as No
03/03/2023 14:48:18 DEBUG TestListener Skipped Test Case: Inflight_Modify_Addition_Phone_Jack
03/03/2023 14:48:18 DEBUG TestListener Class Name is: LevelUpCases
03/03/2023 14:48:18 DEBUG TestListener Found Run as No
03/03/2023 14:48:18 DEBUG TestListener Skipped Test Case: Reassign_levelupBtn_Display_OE_ShawGatewayPortal_Moxi_CustOwned_Devices
03/03/2023 14:48:18 DEBUG TestListener Class Name is: LevelUpCases
03/03/2023 14:48:18 DEBUG TestListener Found Run as No
03/03/2023 14:48:18 DEBUG TestListener Skipped Test Case: Reassign_levelupBtn_Display_OE_ShawPortal_SMG_Devices_ModifyOrder
03/03/2023 14:48:18 DEBUG TestListener Class Name is: MailOutCases
03/03/2023 14:48:18 DEBUG TestListener Found Run as No
03/03/2023 14:48:18 DEBUG TestListener Skipped Test Case: Sim_Validations_For_New_Internet_Activation
03/03/2023 14:48:18 DEBUG TestListener Class Name is: MailOutCases
03/03/2023 14:48:18 DEBUG TestListener Found Run as No
03/03/2023 14:48:18 DEBUG TestListener Skipped Test Case: Activate_Standaldone_XB6_internet_via_direct_fullfilment
03/03/2023 14:48:18 DEBUG TestListener Class Name is: MailOutCases
03/03/2023 14:48:18 DEBUG TestListener Found Run as No
03/03/2023 14:48:18 DEBUG TestListener Skipped Test Case: Retail_Pickup_MailOut_UI_Changes
03/03/2023 14:48:18 DEBUG TestListener Class Name is: ModifyCases
03/03/2023 14:48:18 DEBUG TestListener Found Run as No
03/03/2023 14:48:18 DEBUG TestListener Skipped Test Case: Downgrade_Internet_To_Affordable
03/03/2023 14:48:18 DEBUG TestListener Class Name is: ModifyCases
03/03/2023 14:48:18 DEBUG TestListener Found Run as No
03/03/2023 14:48:18 DEBUG TestListener Skipped Test Case: VoiceMail_DistinctiveRing_Converged
03/03/2023 14:48:18 DEBUG TestListener Class Name is: ModifyCases
03/03/2023 14:48:18 DEBUG TestListener Found Run as No
03/03/2023 14:48:18 DEBUG TestListener Skipped Test Case: Changing_Residential_To_Staff_XB6_BlueSky_TV
03/03/2023 14:48:18 DEBUG TestListener Class Name is: ModifyCases
03/03/2023 14:48:18 DEBUG TestListener Found Run as No
03/03/2023 14:48:18 DEBUG TestListener Skipped Test Case: Changing_Staff_To_Residential_XB6_BlueSky_TV
03/03/2023 14:48:18 DEBUG TestListener Class Name is: ModifyCases
03/03/2023 14:48:18 DEBUG TestListener Found Run as No
03/03/2023 14:48:18 DEBUG TestListener Skipped Test Case: Cancelling_ReSbmitting_order_XB6_Converged
03/03/2023 14:48:18 DEBUG TestListener Class Name is: ModifyCases
03/03/2023 14:48:18 DEBUG TestListener Found Run as No
03/03/2023 14:48:18 DEBUG TestListener Skipped Test Case: Modify_Service_Agreement_Service_Agreement_Changes
03/03/2023 14:48:18 DEBUG TestListener Class Name is: ModifyCases
03/03/2023 14:48:18 DEBUG TestListener Found Run as No
03/03/2023 14:48:18 DEBUG TestListener Skipped Test Case: Modify_Offering_Tripleplay_Account_Upgrading_Internet_Downgrading_TV
03/03/2023 14:48:18 DEBUG TestListener Class Name is: ModifyCases
03/03/2023 14:48:18 DEBUG TestListener Found Run as No
03/03/2023 14:48:18 DEBUG TestListener Skipped Test Case: Changing_NativeTN_NativeTN_Converged
03/03/2023 14:48:18 DEBUG TestListener Class Name is: ModifyCases
03/03/2023 14:48:18 DEBUG TestListener Found Run as No
03/03/2023 14:48:18 DEBUG TestListener Skipped Test Case: Addition_Secondary_PhoneLine_XB6_DPT
03/03/2023 14:48:18 DEBUG TestListener Class Name is: ModifyCases
03/03/2023 14:48:18 DEBUG TestListener Found Run as No
03/03/2023 14:48:18 DEBUG TestListener Skipped Test Case: Remove_Email_Hitron_Device
03/03/2023 14:48:18 DEBUG TestListener Class Name is: ModifyCases
03/03/2023 14:48:18 DEBUG TestListener Found Run as No
03/03/2023 14:48:18 DEBUG TestListener Skipped Test Case: AddRemove_channels_BlueSKY_TV
03/03/2023 14:48:18 DEBUG TestListener Class Name is: ModifyCases
03/03/2023 14:48:18 DEBUG TestListener Found Run as No
03/03/2023 14:48:18 DEBUG TestListener Skipped Test Case: Failure_FFMcall_Failure_Service_Call_Booking_Modify
03/03/2023 14:48:18 DEBUG TestListener Class Name is: ModifyCases
03/03/2023 14:48:18 DEBUG TestListener Found Run as No
03/03/2023 14:48:18 DEBUG TestListener Skipped Test Case: Modify_Internet75_to_Internet150_With_XB6
03/03/2023 14:48:18 DEBUG TestListener Class Name is: ModifyCases
03/03/2023 14:48:18 DEBUG TestListener Found Run as No
03/03/2023 14:48:18 DEBUG TestListener Skipped Test Case: Changing_NativeTN_NativeTN_DPT
03/03/2023 14:48:18 DEBUG TestListener Class Name is: ModifyCases
03/03/2023 14:48:18 DEBUG TestListener Found Run as No
03/03/2023 14:48:18 DEBUG TestListener Skipped Test Case: DPT_to_XB6_Converged
03/03/2023 14:48:18 DEBUG TestListener Class Name is: ModifyCases
03/03/2023 14:48:18 DEBUG TestListener Found Run as No
03/03/2023 14:48:18 DEBUG TestListener Skipped Test Case: Downgrading_TotalTV_to_LimitedTV_with_BlueSky
03/03/2023 14:48:18 DEBUG TestListener Class Name is: ModifyCases
03/03/2023 14:48:18 DEBUG TestListener Class Name is: ModifyCases
03/03/2023 14:48:18 DEBUG TestListener Found Run as No
03/03/2023 14:48:18 DEBUG TestListener Skipped Test Case: Adding_VoiceMail_DistinctiveRing_account_with_DPT
03/03/2023 14:48:18 DEBUG TestListener Class Name is: ModifyCases
03/03/2023 14:48:18 DEBUG TestListener Found Run as No
03/03/2023 14:48:18 DEBUG TestListener Skipped Test Case: Upgrade_TV_offering_Grandfathered_promotion
03/03/2023 14:48:18 DEBUG TestListener Class Name is: ModifyCases
03/03/2023 14:48:18 DEBUG TestListener Found Run as No
03/03/2023 14:48:18 DEBUG TestListener Skipped Test Case: TN_change_Ported_To_Native_with_DPT
03/03/2023 14:48:18 DEBUG TestListener Class Name is: ModifyCases
03/03/2023 14:48:18 DEBUG TestListener Found Run as No
03/03/2023 14:48:18 DEBUG TestListener Skipped Test Case: Adding_Emails_with_XB6_Converged
03/03/2023 14:48:18 DEBUG TestListener Class Name is: ModifyCases
03/03/2023 14:48:18 DEBUG TestListener Found Run as No
03/03/2023 14:48:18 DEBUG TestListener Skipped Test Case: Modify_DCX_to_BlueSky
03/03/2023 14:48:18 DEBUG TestListener Class Name is: ModifyCases
03/03/2023 14:48:18 DEBUG TestListener Found Run as No
03/03/2023 14:48:18 DEBUG TestListener Skipped Test Case: Addition_Secondary_PhoneLine_XB6_converged
03/03/2023 14:48:18 DEBUG TestListener Class Name is: ModifyCases
03/03/2023 14:48:18 DEBUG TestListener Found Run as No
03/03/2023 14:48:18 DEBUG TestListener Skipped Test Case: Preferred_Payment_Modify
03/03/2023 14:48:18 DEBUG TestListener Class Name is: ModifyCases
03/03/2023 14:48:18 DEBUG TestListener Found Run as No
03/03/2023 14:48:18 DEBUG TestListener Skipped Test Case: Add_Purchased_XPOD_Package_Exisitng_Customer
03/03/2023 14:48:18 DEBUG TestListener Class Name is: ModifyCases
03/03/2023 14:48:18 DEBUG TestListener Found Run as No
03/03/2023 14:48:18 DEBUG TestListener Skipped Test Case: TN_change_Ported_To_Native_with_XB6_Converged
03/03/2023 14:48:18 DEBUG TestListener Class Name is: ModifyCases
03/03/2023 14:48:18 DEBUG TestListener Found Run as No
03/03/2023 14:48:18 DEBUG TestListener Skipped Test Case: DowngradeTV_Pramotion_Expiring_Nextbill_Cycle
03/03/2023 14:48:18 DEBUG TestListener Class Name is: ModifyCases
03/03/2023 14:48:18 DEBUG TestListener Found Run as No
03/03/2023 14:48:18 DEBUG TestListener Skipped Test Case: Modification_Existing_Account_Fiber_Modem
03/03/2023 14:48:18 DEBUG TestListener Class Name is: ModifyCases
03/03/2023 14:48:18 DEBUG TestListener Found Run as No
03/03/2023 14:48:18 DEBUG TestListener Skipped Test Case: Validate_Tenant_to_Residential_Account_Type_Change_during_Modify
03/03/2023 14:48:18 DEBUG TestListener Class Name is: OtherCases
03/03/2023 14:48:18 DEBUG TestListener Found Run as No
03/03/2023 14:48:18 DEBUG TestListener Skipped Test Case: Automatic_Retry_Failed_Phone_HPSA_7004
03/03/2023 14:48:18 DEBUG TestListener Class Name is: OtherCases
03/03/2023 14:48:18 DEBUG TestListener Found Run as No
03/03/2023 14:48:18 DEBUG TestListener Skipped Test Case: Create_Segments_OE_Display_Promo_Hybrid_Segments_And_Validate
03/03/2023 14:48:18 DEBUG TestListener Class Name is: OtherCases
03/03/2023 14:48:18 DEBUG TestListener Found Run as No
03/03/2023 14:48:18 DEBUG TestListener Skipped Test Case: Create_Segments_OE_Display_Promo_Segments_Contain_Reg_And_Customer_And_Validate
03/03/2023 14:48:18 DEBUG TestListener Class Name is: OtherCases
03/03/2023 14:48:18 DEBUG TestListener Found Run as No
03/03/2023 14:48:18 DEBUG TestListener Skipped Test Case: Create_And_Validate_Regional_Segments
03/03/2023 14:48:18 DEBUG TestListener Class Name is: OtherCases
03/03/2023 14:48:18 DEBUG TestListener Found Run as No
03/03/2023 14:48:18 DEBUG TestListener Skipped Test Case: TriplePlay_OM_Sends_HPESA
03/03/2023 14:48:18 DEBUG TestListener Class Name is: OtherCases
03/03/2023 14:48:18 DEBUG TestListener Found Run as No
03/03/2023 14:48:18 DEBUG TestListener Skipped Test Case: Validate_New_MC_When_MUT_Orders_Are_Processed
03/03/2023 14:48:18 DEBUG TestListener Class Name is: OtherCases
03/03/2023 14:48:18 DEBUG TestListener Found Run as No
03/03/2023 14:48:18 DEBUG TestListener Skipped Test Case: Add_Rental_XPOD_To_XB6_Device
03/03/2023 14:48:18 DEBUG TestListener Class Name is: OtherCases
03/03/2023 14:48:18 DEBUG TestListener Found Run as No
03/03/2023 14:48:18 DEBUG TestListener Skipped Test Case: City_Search_Contains_Condiction_Value
03/03/2023 14:48:18 DEBUG TestListener Class Name is: OtherCases
03/03/2023 14:48:19 DEBUG TestListener Found Run as No
03/03/2023 14:48:19 DEBUG TestListener Skipped Test Case: New_TV_with_MOCA_Enabled_Hw_Future_Date
03/03/2023 14:48:19 DEBUG TestListener Class Name is: OtherCases
03/03/2023 14:48:19 DEBUG TestListener Found Run as No
03/03/2023 14:48:19 DEBUG TestListener Skipped Test Case: NewTV_MOCA_enabled_HW_New_Customer_IFM
03/03/2023 14:48:19 DEBUG TestListener Class Name is: PendingOrderCases
03/03/2023 14:48:19 DEBUG TestListener Found Run as No
03/03/2023 14:48:19 DEBUG TestListener Skipped Test Case: Pending_Triple_Play_Theme_Channels
03/03/2023 14:48:19 DEBUG TestListener Class Name is: PortInCases
03/03/2023 14:48:19 DEBUG TestListener Found Run as No
03/03/2023 14:48:19 DEBUG TestListener Skipped Test Case: Activation_PortedTN_LifelineAlarm_No
03/03/2023 14:48:19 DEBUG TestListener Class Name is: PortInCases
03/03/2023 14:48:19 DEBUG TestListener Found Run as No
03/03/2023 14:48:19 DEBUG TestListener Skipped Test Case: ActivatePh_PortIN_TNs_TechRetry_LSC_came_beforeTR
03/03/2023 14:48:19 DEBUG TestListener Class Name is: PortInCases
03/03/2023 14:48:19 DEBUG TestListener Found Run as No
03/03/2023 14:48:19 DEBUG TestListener Skipped Test Case: Activation_PortedTN_LifelineAlarm_Yes
03/03/2023 14:48:19 DEBUG TestListener Class Name is: PortInCases
03/03/2023 14:48:19 DEBUG TestListener Found Run as No
03/03/2023 14:48:19 DEBUG TestListener Skipped Test Case: Activate_Ph_PortinTN_DRing_LSCNotReceived_AlarmNO
03/03/2023 14:48:19 DEBUG TestListener Class Name is: PortInCases
03/03/2023 14:48:19 DEBUG TestListener Found Run as No
03/03/2023 14:48:19 DEBUG TestListener Skipped Test Case: Ported_Num_Disconnect_After_TN_Change
03/03/2023 14:48:19 DEBUG TestListener Class Name is: PortInCases
03/03/2023 14:48:19 DEBUG TestListener Found Run as No
03/03/2023 14:48:19 DEBUG TestListener Skipped Test Case: Convert_PhNative_Ported_LSC_Cmpltd_DueDate_Reach_Cancle_Porting
03/03/2023 14:48:19 DEBUG TestListener Class Name is: PortInCases
03/03/2023 14:48:19 DEBUG TestListener Found Run as No
03/03/2023 14:48:19 DEBUG TestListener Skipped Test Case: ActivatePh_nativeTN_DRing_PortinTN_LSC_not_received
03/03/2023 14:48:19 DEBUG TestListener Class Name is: PortInCases
03/03/2023 14:48:19 DEBUG TestListener Found Run as No
03/03/2023 14:48:19 DEBUG TestListener Skipped Test Case: Port_PhoneNumber_DistinctiveRing
03/03/2023 14:48:19 DEBUG TestListener Class Name is: PortInCases
03/03/2023 14:48:19 DEBUG TestListener Found Run as No
03/03/2023 14:48:19 DEBUG TestListener Skipped Test Case: Porting_PhNbr_AlarmNo_Disconnection_Address_Yes_PortIn_Immediately
03/03/2023 14:48:19 DEBUG TestListener Class Name is: PortInCases
03/03/2023 14:48:19 DEBUG TestListener Found Run as No
03/03/2023 14:48:19 DEBUG TestListener Skipped Test Case: Verify_FFM_Customer_Requested_Porting_PhoneLine
03/03/2023 14:48:19 DEBUG TestListener Class Name is: PortInCases
03/03/2023 14:48:19 DEBUG TestListener Found Run as No
03/03/2023 14:48:19 DEBUG TestListener Skipped Test Case: Porting_LifeLine_No_TechAppointment_Yes
03/03/2023 14:48:19 DEBUG TestListener Class Name is: PortInCases
03/03/2023 14:48:19 DEBUG TestListener Found Run as No
03/03/2023 14:48:19 DEBUG TestListener Skipped Test Case: Verify_FFM_Customer_Requested_Porting_Multiple_PhoneLines
03/03/2023 14:48:19 DEBUG TestListener Class Name is: PortInCases
03/03/2023 14:48:19 DEBUG TestListener Found Run as No
03/03/2023 14:48:19 DEBUG TestListener Skipped Test Case: Activate_Phone_Converged_NativeTN_PortedDR
03/03/2023 14:48:19 DEBUG TestListener Class Name is: PortInCases
03/03/2023 14:48:19 DEBUG TestListener Found Run as No
03/03/2023 14:48:19 DEBUG TestListener Skipped Test Case: Porting_LifelineYes_ShawService_ReqestYes
03/03/2023 14:48:19 DEBUG TestListener Class Name is: PortInCases
03/03/2023 14:48:19 DEBUG TestListener Found Run as No
03/03/2023 14:48:19 DEBUG TestListener Skipped Test Case: PortIn_No_Retail_PickUp_Yes
03/03/2023 14:48:19 DEBUG TestListener Class Name is: PortInCases
03/03/2023 14:48:19 DEBUG TestListener Found Run as No
03/03/2023 14:48:19 DEBUG TestListener Skipped Test Case: Porting_LifeLineNo_ShawService_ReqestNo
03/03/2023 14:48:19 DEBUG TestListener Class Name is: PremiseMoveCases
03/03/2023 14:48:19 DEBUG TestListener Found Run as No
03/03/2023 14:48:19 DEBUG TestListener Skipped Test Case: Active_xFi_PremiseMove_With_Gap
03/03/2023 14:48:19 DEBUG TestListener Class Name is: PremiseMoveCases
03/03/2023 14:48:19 DEBUG TestListener Found Run as No
03/03/2023 14:48:19 DEBUG TestListener Skipped Test Case: TechSwap_Premise_Move_Modify_Order
03/03/2023 14:48:19 DEBUG TestListener Class Name is: PremiseMoveCases
03/03/2023 14:48:19 DEBUG TestListener Found Run as No
03/03/2023 14:48:19 DEBUG TestListener Skipped Test Case: Order_Decomposition_PremiseMove
03/03/2023 14:48:19 DEBUG TestListener Class Name is: PremiseMoveCases
03/03/2023 14:48:19 DEBUG TestListener Found Run as No
03/03/2023 14:48:19 DEBUG TestListener Skipped Test Case: IntraProvince_PremiseMove_CGY_TO_CGY
03/03/2023 14:48:19 DEBUG TestListener Class Name is: PremiseMoveCases
03/03/2023 14:48:19 DEBUG TestListener Found Run as No
03/03/2023 14:48:19 DEBUG TestListener Skipped Test Case: PremiseMove_CGY_Affordable_Internet_TV
03/03/2023 14:48:19 DEBUG TestListener Class Name is: PremiseMoveCases
03/03/2023 14:48:19 DEBUG TestListener Found Run as No
03/03/2023 14:48:19 DEBUG TestListener Skipped Test Case: Verify_AutoResume_YDays_PremiseMove_WithoutGap_Self_Install
03/03/2023 14:48:19 DEBUG TestListener Class Name is: PremiseMoveCases
03/03/2023 14:48:19 DEBUG TestListener Found Run as No
03/03/2023 14:48:19 DEBUG TestListener Skipped Test Case: TriplePlay_PremiseMove_With_XB6_And_BlueSky
03/03/2023 14:48:19 DEBUG TestListener Class Name is: PremiseMoveCases
03/03/2023 14:48:19 DEBUG TestListener Found Run as No
03/03/2023 14:48:19 DEBUG TestListener Skipped Test Case: Verify_Waitfor_EffectiveDate_Completion_Future_PremiseMove_Order
03/03/2023 14:48:19 DEBUG TestListener Class Name is: PremiseMoveCases
03/03/2023 14:48:19 DEBUG TestListener Found Run as No
03/03/2023 14:48:19 DEBUG TestListener Skipped Test Case: Validate_Premise_Move_Residental_Account_with_Internet_TV
03/03/2023 14:48:19 DEBUG TestListener Class Name is: PromotionsServiceAgreementCases
03/03/2023 14:48:19 DEBUG TestListener Found Run as No
03/03/2023 14:48:19 DEBUG TestListener Skipped Test Case: Activate_Int_conv_TVBoxPortal_2YVPInt_Tvagreement
03/03/2023 14:48:19 DEBUG TestListener Class Name is: PromotionsServiceAgreementCases
03/03/2023 14:48:19 DEBUG TestListener Found Run as No
03/03/2023 14:48:19 DEBUG TestListener Skipped Test Case: Validate_2YVPInt_Tvagreement_disable_with_TCIS
03/03/2023 14:48:19 DEBUG TestListener Class Name is: PromotionsServiceAgreementCases
03/03/2023 14:48:19 DEBUG TestListener Found Run as No
03/03/2023 14:48:19 DEBUG TestListener Skipped Test Case: Verify_ChangeVP_Agreement_1P2P_Generate_Agreement_Btn
03/03/2023 14:48:19 DEBUG TestListener Class Name is: ReinstateCases
03/03/2023 14:48:19 DEBUG TestListener Found Run as No
03/03/2023 14:48:19 DEBUG TestListener Skipped Test Case: Resinstate_Triple_Play_During_PremiseMove
03/03/2023 14:48:19 DEBUG TestListener Class Name is: ReinstateCases
03/03/2023 14:48:19 DEBUG TestListener Found Run as No
03/03/2023 14:48:19 DEBUG TestListener Skipped Test Case: Booking_Service_Call_Reinstate_MOCA_Enabled_Hardware
03/03/2023 14:48:19 DEBUG TestListener Class Name is: ReinstateCases
03/03/2023 14:48:19 DEBUG TestListener Found Run as No
03/03/2023 14:48:19 DEBUG TestListener Skipped Test Case: Disconnected_Resinstate_PastResource_CustOwned_Devices
03/03/2023 14:48:19 DEBUG TestListener Class Name is: ReinstateCases
03/03/2023 14:48:19 DEBUG TestListener Found Run as No
03/03/2023 14:48:19 DEBUG TestListener Skipped Test Case: Fully_Disconnect_TriplePlay_Perform_Reinstate_New_Resources
03/03/2023 14:48:19 DEBUG TestListener Class Name is: ResumeCases
03/03/2023 14:48:19 DEBUG TestListener Found Run as No
03/03/2023 14:48:19 DEBUG TestListener Skipped Test Case: AutoCancel_AfterYdays_ExistingCust_AddingNewHwd_Directfulfilment_Yes
03/03/2023 14:48:19 DEBUG TestListener Class Name is: ResumeCases
03/03/2023 14:48:19 DEBUG TestListener Found Run as No
03/03/2023 14:48:19 DEBUG TestListener Skipped Test Case: AutoResume_AfterYdays_NewCust_ProvisionCust_Confirmation_Yes
03/03/2023 14:48:19 DEBUG TestListener Class Name is: ResumeCases
03/03/2023 14:48:19 DEBUG TestListener Found Run as No
03/03/2023 14:48:19 DEBUG TestListener Skipped Test Case: Resume_DPT_Hitron_Moxi
03/03/2023 14:48:19 DEBUG TestListener Class Name is: ResumeCases
03/03/2023 14:48:19 DEBUG TestListener Found Run as No
03/03/2023 14:48:19 DEBUG TestListener Skipped Test Case: Resume_TriplePlay
03/03/2023 14:48:19 DEBUG TestListener Class Name is: ResumeCases
03/03/2023 14:48:19 DEBUG TestListener Found Run as No
03/03/2023 14:48:19 DEBUG TestListener Skipped Test Case: Resume_TCIS_Suspension_Changing_Snowbird_EndDate
03/03/2023 14:48:19 DEBUG TestListener Class Name is: ResumeCases
03/03/2023 14:48:19 DEBUG TestListener Found Run as No
03/03/2023 14:48:19 DEBUG TestListener Skipped Test Case: Resume_TriplePlay_TCIS
03/03/2023 14:48:19 DEBUG TestListener Class Name is: ResumeCases
03/03/2023 14:48:19 DEBUG TestListener Found Run as No
03/03/2023 14:48:19 DEBUG TestListener Skipped Test Case: AutoResume_Ydays_New_RetailPickupS_DF_Yes_InflightAfter_2Days
03/03/2023 14:48:19 DEBUG TestListener Class Name is: SoupUIRestAPICases
03/03/2023 14:48:20 DEBUG TestListener Found Run as No
03/03/2023 14:48:20 DEBUG TestListener Skipped Test Case: Execute_Get_OrderbyID_Endpoint_Tripleplay_Customer
03/03/2023 14:48:20 DEBUG TestListener Class Name is: SoupUIRestAPICases
03/03/2023 14:48:20 DEBUG TestListener Found Run as No
03/03/2023 14:48:20 DEBUG TestListener Skipped Test Case: Immediate_Resume_EndPoint_Tripleplay_XB6_X1Gateway
03/03/2023 14:48:20 DEBUG TestListener Class Name is: SoupUIRestAPICases
03/03/2023 14:48:20 DEBUG TestListener Found Run as No
03/03/2023 14:48:20 DEBUG TestListener Skipped Test Case: ERP_Disconnect_Order_Submission_SinglePlay
03/03/2023 14:48:20 DEBUG TestListener Class Name is: SoupUIRestAPICases
03/03/2023 14:48:20 DEBUG TestListener Found Run as No
03/03/2023 14:48:20 DEBUG TestListener Skipped Test Case: Execute_CustServiceAgreement_Generate_ServiceAgreement_TriplePay
03/03/2023 14:48:20 DEBUG TestListener Class Name is: SoupUIRestAPICases
03/03/2023 14:48:20 DEBUG TestListener Found Run as No
03/03/2023 14:48:20 DEBUG TestListener Skipped Test Case: Execute_GetAc_Equipment_SlNBR_Endpoint_GetDetails_TriplePlayXB6_X1Gateway
03/03/2023 14:48:20 DEBUG TestListener Class Name is: SoupUIRestAPICases
03/03/2023 14:48:20 DEBUG TestListener Found Run as No
03/03/2023 14:48:20 DEBUG TestListener Skipped Test Case: GetQuote_Details_EndPoint_TriplePlay_XB6_X1Gateway
03/03/2023 14:48:20 DEBUG TestListener Class Name is: SoupUIRestAPICases
03/03/2023 14:48:20 DEBUG TestListener Found Run as No
03/03/2023 14:48:20 DEBUG TestListener Skipped Test Case: Resumption_Collection_Suspended_TriplePlay_XB6_Bluesky
03/03/2023 14:48:20 DEBUG TestListener Class Name is: SoupUIRestAPICases
03/03/2023 14:48:20 DEBUG TestListener Found Run as No
03/03/2023 14:48:20 DEBUG TestListener Skipped Test Case: ERP_Disconnect_Order_Submission_SinglePlay_Two_Active_Devices
03/03/2023 14:48:20 DEBUG TestListener Class Name is: SoupUIRestAPICases
03/03/2023 14:48:20 DEBUG TestListener Found Run as No
03/03/2023 14:48:20 DEBUG TestListener Skipped Test Case: Execute_CPE_EndPoint_GetEquipment_BySerialNbr
03/03/2023 14:48:20 DEBUG TestListener Class Name is: SoupUIRestAPICases
03/03/2023 14:48:20 DEBUG TestListener Found Run as No
03/03/2023 14:48:20 DEBUG TestListener Skipped Test Case: Collection_Suspension_TriplePlay_XB6Converged_BlueSky
03/03/2023 14:48:20 DEBUG TestListener Class Name is: SoupUIRestAPICases
03/03/2023 14:48:20 DEBUG TestListener Found Run as No
03/03/2023 14:48:20 DEBUG TestListener Skipped Test Case: OMSends_PriorityHPSA_ServicesDisconnect_Contracted_DueTo_NonPay
03/03/2023 14:48:20 DEBUG TestListener Class Name is: SoupUIRestAPICases
03/03/2023 14:48:20 DEBUG TestListener Found Run as No
03/03/2023 14:48:20 DEBUG TestListener Skipped Test Case: Execute_GetOrderList_ByCustAccnt_EndPoint_TriplePlay_XB6_X1Gateway
03/03/2023 14:48:20 DEBUG TestListener Class Name is: SoupUIRestAPICases
03/03/2023 14:48:20 DEBUG TestListener Found Run as No
03/03/2023 14:48:20 DEBUG TestListener Skipped Test Case: Execute_NPD_EndPoint_TriplePlay_XB6_X1Gateway
03/03/2023 14:48:20 DEBUG TestListener Class Name is: SoupUIRestAPICases
03/03/2023 14:48:20 DEBUG TestListener Found Run as No
03/03/2023 14:48:20 DEBUG TestListener Skipped Test Case: Execute_GetOrderDetails_ByCustAccnt_EndPoint_TriplePlay_XB6_X1Gateway
03/03/2023 14:48:20 DEBUG TestListener Class Name is: SoupUIRestAPICases
03/03/2023 14:48:20 DEBUG TestListener Found Run as No
03/03/2023 14:48:20 DEBUG TestListener Skipped Test Case: Execute_GetAccount_ByID_TriplePlay_XB6Converged_X1Gateway
03/03/2023 14:48:20 DEBUG TestListener Class Name is: SoupUIRestAPICases
03/03/2023 14:48:20 DEBUG TestListener Found Run as No
03/03/2023 14:48:20 DEBUG TestListener Skipped Test Case: Execute_QuoteValidation_EndPoint_SSLServices_TriplePlay_FiberModem
03/03/2023 14:48:20 DEBUG TestListener Class Name is: SoupUIRestAPICases
03/03/2023 14:48:20 DEBUG TestListener Found Run as No
03/03/2023 14:48:20 DEBUG TestListener Skipped Test Case: CLECOPS_Skipped_ForPortedNbr_SwitchedWiring_Status_NewOrder
03/03/2023 14:48:20 DEBUG TestListener Class Name is: SoupUIRestAPICases
03/03/2023 14:48:20 DEBUG TestListener Found Run as No
03/03/2023 14:48:20 DEBUG TestListener Skipped Test Case: DualJack_WiredToPreviousProvider_ReportGen_ActivePhoneLine
03/03/2023 14:48:20 DEBUG TestListener Class Name is: SoupUIRestAPICases
03/03/2023 14:48:20 DEBUG TestListener Found Run as No
03/03/2023 14:48:20 DEBUG TestListener Skipped Test Case: Immediate_Suspend_EndPoint_TriplePlay_XB6_X1Gateway
03/03/2023 14:48:20 DEBUG TestListener Class Name is: SoupUIRestAPICases
03/03/2023 14:48:20 DEBUG TestListener Found Run as No
03/03/2023 14:48:20 DEBUG TestListener Skipped Test Case: Execute_GetProduct_ByID_TriplePlay_XB6Converged_X1Gateway
03/03/2023 14:48:20 DEBUG TestListener Class Name is: SoupUIRestAPICases
03/03/2023 14:48:20 DEBUG TestListener Found Run as No
03/03/2023 14:48:20 DEBUG TestListener Skipped Test Case: Execute_QuoteValidation_EndPoint_TriplePlay_XB6_Bluesky
03/03/2023 14:48:20 DEBUG TestListener Class Name is: SoupUIRestAPICases
03/03/2023 14:48:20 DEBUG TestListener Found Run as No
03/03/2023 14:48:20 DEBUG TestListener Skipped Test Case: Execute_GetProduct_HighLevelEndpoint_TriplePlayXB6_X1Gateway
03/03/2023 14:48:20 DEBUG TestListener Class Name is: SoupUIRestAPICases
03/03/2023 14:48:20 DEBUG TestListener Found Run as No
03/03/2023 14:48:20 DEBUG TestListener Skipped Test Case: Add_Single_ActiveTVCustomer_Quote_Submission_DeltaAPI
03/03/2023 14:48:20 DEBUG TestListener Class Name is: SoupUIRestAPICases
03/03/2023 14:48:20 DEBUG TestListener Found Run as No
03/03/2023 14:48:20 DEBUG TestListener Skipped Test Case: QuoteValidation_EndPoint_SSLServices_DPT_Hitron_Moxi_PickAndPay
03/03/2023 14:48:20 DEBUG TestListener Class Name is: SuspendCases
03/03/2023 14:48:20 DEBUG TestListener Found Run as No
03/03/2023 14:48:20 DEBUG TestListener Skipped Test Case: Suspend_TriplePlay
03/03/2023 14:48:20 DEBUG TestListener Class Name is: SuspendCases
03/03/2023 14:48:20 DEBUG TestListener Found Run as No
03/03/2023 14:48:20 DEBUG TestListener Skipped Test Case: Services_Suspend_Provision_CustConfirmation_PremiseMove_withoutGAP
03/03/2023 14:48:20 DEBUG TestListener Class Name is: SuspendCases
03/03/2023 14:48:20 DEBUG TestListener Found Run as No
03/03/2023 14:48:20 DEBUG TestListener Skipped Test Case: Resumption_AUP_Suspended_TriplePlay_XB6Converged
03/03/2023 14:48:20 DEBUG TestListener Class Name is: SuspendCases
03/03/2023 14:48:20 DEBUG TestListener Found Run as No
03/03/2023 14:48:20 DEBUG TestListener Skipped Test Case: Suspend_TriplePlay_TCIS
03/03/2023 14:48:20 DEBUG TestListener Class Name is: SuspendCases
03/03/2023 14:48:20 DEBUG TestListener Found Run as No
03/03/2023 14:48:20 DEBUG TestListener Skipped Test Case: TCIS_Suspension_TriplePlay_DPT_Hitron_LegacyTV
03/03/2023 14:48:20 DEBUG TestListener Class Name is: SuspendCases
03/03/2023 14:48:20 DEBUG TestListener Found Run as No
03/03/2023 14:48:20 DEBUG TestListener Skipped Test Case: Suspend_DPT_Hitron_Moxi
03/03/2023 14:48:20 DEBUG TestListener Class Name is: TechRetryCases
03/03/2023 14:48:20 DEBUG TestListener Found Run as No
03/03/2023 14:48:20 DEBUG TestListener Skipped Test Case: TechRetry_diff_device_provis_failed_swap_conved_PhInt
03/03/2023 14:48:20 DEBUG TestListener Class Name is: TechRetryCases
03/03/2023 14:48:20 DEBUG TestListener Found Run as No
03/03/2023 14:48:20 DEBUG TestListener Skipped Test Case: TechRetry_PhoneFail
03/03/2023 14:48:20 DEBUG TestListener Class Name is: TechRetryCases
03/03/2023 14:48:20 DEBUG TestListener Found Run as No
03/03/2023 14:48:20 DEBUG TestListener Skipped Test Case: TechRetry_Pending_Install_WithXB6_BlueSky_SameSlNo
03/03/2023 14:48:20 DEBUG TestListener Class Name is: TechRetryCases
03/03/2023 14:48:20 DEBUG TestListener Found Run as No
03/03/2023 14:48:20 DEBUG TestListener Skipped Test Case: TechRetry_InternetFail_Phone_Success_SameSlNo
03/03/2023 14:48:20 DEBUG TestListener Class Name is: TechRetryCases
03/03/2023 14:48:20 DEBUG TestListener Found Run as No
03/03/2023 14:48:20 DEBUG TestListener Skipped Test Case: TechRetry_Hardware_Swap_DPT_Hitron_LegacyTV
03/03/2023 14:48:20 DEBUG TestListener Class Name is: TechRetryCases
03/03/2023 14:48:20 DEBUG TestListener Found Run as No
03/03/2023 14:48:20 DEBUG TestListener Skipped Test Case: Iterations_TechRetry_swap_Convrgd_PhInt
03/03/2023 14:48:20 DEBUG TestListener Class Name is: TechRetryCases
03/03/2023 14:48:20 DEBUG TestListener Found Run as No
03/03/2023 14:48:20 DEBUG TestListener Skipped Test Case: Error_Format_HPESA_Fails_IntPhTV_NewCust_TechRetry_SameSlNbr
03/03/2023 14:48:20 DEBUG TestListener Class Name is: TechRetryCases
03/03/2023 14:48:20 DEBUG TestListener Found Run as No
03/03/2023 14:48:20 DEBUG TestListener Skipped Test Case: TechRetry_diff_SlNos_Bluesky_gateway_Portal_provis_fails
03/03/2023 14:48:20 DEBUG TestListener Class Name is: MduCases
03/03/2023 14:48:20 DEBUG TestListener Found Run as No
03/03/2023 14:48:20 DEBUG TestListener Skipped Test Case: Validate_Tenant_Account_Auto_Migration_Master_Sponsored
03/03/2023 14:48:20 DEBUG TestListener Class Name is: TBAPI
03/03/2023 14:48:20 DEBUG TestListener Found Run as No
03/03/2023 14:48:20 DEBUG TestListener Skipped Test Case: TBAPI_Sanity
03/03/2023 14:48:21 DEBUG SeleniumTestUp Class name is :ModifyCases
03/03/2023 14:48:21 DEBUG SeleniumTestUp Fle path is C:\Users\vosn0721\Documents\new code backup\SHAW//testdata//RegressionSuite.xls
03/03/2023 14:48:21 DEBUG Utility Sheetname is:TestData
03/03/2023 14:48:21 DEBUG SeleniumTestUp Before Method-> Start Date is:Fri Mar 03 14:48:21 IST 2023
03/03/2023 14:48:21 DEBUG ExtentReportManager File name is :Fri_Mar_03_14_48_21_IST_2023_Validate_Residental_to_Tenant_Account_Type_Change_during_Modify.html
03/03/2023 14:48:21 DEBUG ExtentReportManager Dir name is :C:\Users\vosn0721\Documents\new code backup\SHAW\report and File Name is: Fri_Mar_03_14_48_21_IST_2023_Validate_Residental_to_Tenant_Account_Type_Change_during_Modify.html
03/03/2023 14:48:23 DEBUG TestListener Validate_Residental_to_Tenant_Account_Type_Change_during_Modify test case started
03/03/2023 14:48:23 DEBUG TestListener Test Name is null
03/03/2023 14:48:23 DEBUG ModifyCases Entering Validate_Residental_to_Tenant_Account_Type_Change_during_Modify
03/03/2023 14:48:23 DEBUG OrderCreationPage Entering navigateFirstToOeStubServer
03/03/2023 14:48:40 DEBUG OrderCreationPage Leaving navigateFirstToOeStubServer
03/03/2023 14:48:40 DEBUG OrderCreationPage Entering navigateToCDIchangeAccountType
03/03/2023 14:48:53 DEBUG OrderCreationPage Leaving navigateToCDIchangeAccountType
03/03/2023 14:48:53 DEBUG LandingPage Entering Login
03/03/2023 14:48:55 DEBUG LandingPage Opening the URL
03/03/2023 14:48:56 DEBUG LandingPage Entering User Name
03/03/2023 14:48:56 DEBUG LandingPage Entering Password
03/03/2023 14:49:02 DEBUG LandingPage Clicking Login Button
03/03/2023 14:49:02 DEBUG LandingPage Title::Inventory - NetCracker
03/03/2023 14:49:02 DEBUG LandingPage Leaving Login
03/03/2023 14:49:02 DEBUG LandingPage Entering openUrlLocationId2
03/03/2023 14:49:52 DEBUG LandingPage Leaving openUrlLocationId2
03/03/2023 14:49:52 DEBUG OrderCreationPage Entering customerInformation
03/03/2023 14:49:54 DEBUG OrderCreationPage Navigating to Customer Information Tab
03/03/2023 14:50:03 ERROR OrderCreationPage Error in customerInformation:element click intercepted: Element <input c="UITextInput" maxlength="15" tabindex="4" enabledchars="[a-zA-Z \-']" style="width:240px;" id="customer-first-name_main" type="text" class="UITextInput" value=""> is not clickable at point (368, 202). Other element would receive the click: <div class="shadowDiv" style="display: block; z-index: 999; width: 1280px; height: 564px;"></div>
  (Session info: chrome=110.0.5481.178)
Build info: version: '3.141.59', revision: 'e82be7d358', time: '2018-11-14T08:25:53'
System info: host: 'WS-16393', ip: '10.236.177.81', os.name: 'Windows 10', os.arch: 'amd64', os.version: '10.0', java.version: '16.0.2'
Driver info: org.openqa.selenium.chrome.ChromeDriver
Capabilities {acceptInsecureCerts: false, browserName: chrome, browserVersion: 110.0.5481.178, chrome: {chromedriverVersion: 109.0.5414.74 (e7c5703604da..., userDataDir: C:\Users\vosn0721\AppData\L...}, goog:chromeOptions: {debuggerAddress: localhost:55560}, javascriptEnabled: true, networkConnectionEnabled: false, pageLoadStrategy: normal, platform: WINDOWS, platformName: WINDOWS, proxy: Proxy(), setWindowRect: true, strictFileInteractability: false, timeouts: {implicit: 0, pageLoad: 300000, script: 30000}, unhandledPromptBehavior: dismiss and notify, webauthn:extension:credBlob: true, webauthn:extension:largeBlob: true, webauthn:virtualAuthenticators: true}
Session ID: 30334a67ea1ce7d8367f3438c73800b3
03/03/2023 14:50:03 DEBUG TestListener The name of the testcase failed is :Validate_Residental_to_Tenant_Account_Type_Change_during_Modify
03/03/2023 14:50:03 DEBUG cache Couldn't find template in cache for "Extent.ftl"("en_US", UTF-8, parsed); will try to load it.
03/03/2023 14:50:03 DEBUG cache TemplateLoader.findTemplateSource("Extent_en_US.ftl"): Not found
03/03/2023 14:50:03 DEBUG cache TemplateLoader.findTemplateSource("Extent_en.ftl"): Not found
03/03/2023 14:50:03 DEBUG cache TemplateLoader.findTemplateSource("Extent.ftl"): Found
03/03/2023 14:50:03 DEBUG cache Loading template for "Extent.ftl"("en_US", UTF-8, parsed) from "jar:file:/C:/Users/vosn0721/.m2/repository/com/relevantcodes/extentreports/2.41.2/extentreports-2.41.2.jar!/com/relevantcodes/extentreports/view/Extent.ftl"
03/03/2023 14:50:04 DEBUG SeleniumTestUp Please find below the execution report for class :ModifyCases
03/03/2023 14:50:04 DEBUG SeleniumTestUp Start Dt is:null
03/03/2023 14:50:04 DEBUG SeleniumTestUp Endt Date of suite execution is:Fri Mar 03 14:50:04 IST 2023
